<?xml version="1.0" encoding="UTF-8"?>
<testsuite name="cle.curso.calculadora.CalculadoraTest" tests="1" skipped="0" failures="0" errors="0" timestamp="2019-04-15T15:04:55" hostname="localhost.localdomain" time="0.001">
  <properties/>
  <testcase name="testSum" classname="cle.curso.calculadora.CalculadoraTest" time="0.001"/>
  <system-out><![CDATA[]]></system-out>
  <system-err><![CDATA[]]></system-err>
</testsuite>
